  Main1-2.c
C:\CProgramming\CSolution\CProject\Main1-2.c(159,10): warning C4473: 'scanf_s': 서식 문자열에 대한 인수가 충분하게 전달되지 않았습니다.
  C:\CProgramming\CSolution\CProject\Main1-2.c(159,10):
  자리 표시자 및 해당 매개 변수에는 variadic 인수가 2개 필요하지만 1개가 제공되었습니다.
  C:\CProgramming\CSolution\CProject\Main1-2.c(159,10):
  누락된 variadic 인수 2이(가) 서식 문자열 '%s'에 필요합니다.
  C:\CProgramming\CSolution\CProject\Main1-2.c(159,10):
  이 인수는 버퍼 크기로 사용됩니다.
  
C:\CProgramming\CSolution\CProject\Main1-2.c(161,10): warning C4473: 'scanf_s': 서식 문자열에 대한 인수가 충분하게 전달되지 않았습니다.
  C:\CProgramming\CSolution\CProject\Main1-2.c(161,10):
  자리 표시자 및 해당 매개 변수에는 variadic 인수가 2개 필요하지만 1개가 제공되었습니다.
  C:\CProgramming\CSolution\CProject\Main1-2.c(161,10):
  누락된 variadic 인수 2이(가) 서식 문자열 '%s'에 필요합니다.
  C:\CProgramming\CSolution\CProject\Main1-2.c(161,10):
  이 인수는 버퍼 크기로 사용됩니다.
  
  코드를 생성하고 있습니다.
  1 of 7 functions (14.3%) were compiled, the rest were copied from previous compilation.
    0 functions were new in current compilation
    0 functions had inline decision re-evaluated but remain unchanged
  코드를 생성했습니다.
  CProject.vcxproj -> C:\CProgramming\CSolution\x64\Release\CProject.exe
