c:\practice\practice - c\jaryoguzo\jaryoguzo\x64\debug\vc143.pdb
c:\practice\practice - c\jaryoguzo\jaryoguzo\x64\debug\vc143.idb
c:\practice\practice - c\jaryoguzo\jaryoguzo\x64\debug\ex5_2.obj
c:\practice\practice - c\jaryoguzo\jaryoguzo\x64\debug\ex5_1.obj
c:\practice\practice - c\jaryoguzo\jaryoguzo\x64\debug\ex4_5.obj
c:\practice\practice - c\jaryoguzo\jaryoguzo\x64\debug\ex4_4.obj
c:\practice\practice - c\jaryoguzo\jaryoguzo\x64\debug\ex4_3.obj
c:\practice\practice - c\jaryoguzo\jaryoguzo\x64\debug\ex4_2.obj
c:\practice\practice - c\jaryoguzo\jaryoguzo\x64\debug\ex4_1.obj
c:\practice\practice - c\jaryoguzo\jaryoguzo\x64\debug\ex3_6.obj
c:\practice\practice - c\jaryoguzo\jaryoguzo\x64\debug\ex3_5.obj
c:\practice\practice - c\jaryoguzo\jaryoguzo\x64\debug\ex3_4.obj
c:\practice\practice - c\jaryoguzo\jaryoguzo\x64\debug\doublelinkedlist.obj
c:\practice\practice - c\jaryoguzo\jaryoguzo\x64\debug\deque.obj
c:\practice\practice - c\jaryoguzo\jaryoguzo\x64\debug\cqueues.obj
c:\practice\practice - c\jaryoguzo\jaryoguzo\x64\debug\circularlinkedlist.obj
c:\practice\practice - c\jaryoguzo\jaryoguzo\x64\debug\bst.obj
c:\practice\practice - c\jaryoguzo\jaryoguzo\x64\debug\array.obj
c:\practice\practice - c\jaryoguzo\jaryoguzo\x64\debug\addpoly.obj
c:\practice\practice - c\jaryoguzo\jaryoguzo\x64\debug\ex7_4.obj
c:\practice\practice - c\jaryoguzo\jaryoguzo\x64\debug\avl.obj
c:\practice\practice - c\jaryoguzo\jaryoguzo\x64\debug\ex7_5.obj
c:\practice\practice - c\jaryoguzo\jaryoguzo\x64\debug\stacks.obj
c:\practice\practice - c\jaryoguzo\jaryoguzo\x64\debug\stackl.obj
c:\practice\practice - c\jaryoguzo\jaryoguzo\x64\debug\smtranspose.obj
c:\practice\practice - c\jaryoguzo\jaryoguzo\x64\debug\slist.obj
c:\practice\practice - c\jaryoguzo\jaryoguzo\x64\debug\recursion.obj
c:\practice\practice - c\jaryoguzo\jaryoguzo\x64\debug\queues.obj
c:\practice\practice - c\jaryoguzo\jaryoguzo\x64\debug\pointer.obj
c:\practice\practice - c\jaryoguzo\jaryoguzo\x64\debug\node2.obj
c:\practice\practice - c\jaryoguzo\jaryoguzo\x64\debug\node.obj
c:\practice\practice - c\jaryoguzo\jaryoguzo\x64\debug\lists.obj
c:\practice\practice - c\jaryoguzo\jaryoguzo\x64\debug\linkedpoly.obj
c:\practice\practice - c\jaryoguzo\jaryoguzo\x64\debug\linkedlist.obj
c:\practice\practice - c\jaryoguzo\jaryoguzo\x64\debug\insertlinkedlist.obj
c:\practice\practice - c\jaryoguzo\jaryoguzo\x64\debug\foldersize.obj
c:\practice\practice - c\jaryoguzo\jaryoguzo\x64\debug\ex7_3.obj
c:\practice\practice - c\jaryoguzo\jaryoguzo\x64\debug\ex7_2.obj
c:\practice\practice - c\jaryoguzo\jaryoguzo\x64\debug\ex7_1.obj
c:\practice\practice - c\jaryoguzo\jaryoguzo\x64\debug\ex6_4.obj
c:\practice\practice - c\jaryoguzo\jaryoguzo\x64\debug\ex6_2.obj
c:\practice\practice - c\jaryoguzo\jaryoguzo\x64\debug\ex6_1.obj
c:\practice\practice - c\jaryoguzo\jaryoguzo\x64\debug\traversalbt.obj
c:\practice\practice - c\jaryoguzo\jaryoguzo\x64\debug\threadbt.obj
c:\practice\practice - c\jaryoguzo\jaryoguzo\x64\debug\struct.obj
c:\practice\practice - c\jaryoguzo\x64\debug\jaryoguzo.pdb
c:\practice\practice - c\jaryoguzo\jaryoguzo\x64\debug\jaryoguzo.tlog\cl.command.1.tlog
c:\practice\practice - c\jaryoguzo\jaryoguzo\x64\debug\jaryoguzo.tlog\cl.read.1.tlog
c:\practice\practice - c\jaryoguzo\jaryoguzo\x64\debug\jaryoguzo.tlog\cl.write.1.tlog
c:\practice\practice - c\jaryoguzo\jaryoguzo\x64\debug\jaryoguzo.tlog\link-cvtres.read.1.tlog
c:\practice\practice - c\jaryoguzo\jaryoguzo\x64\debug\jaryoguzo.tlog\link-cvtres.write.1.tlog
c:\practice\practice - c\jaryoguzo\jaryoguzo\x64\debug\jaryoguzo.tlog\link-rc.read.1.tlog
c:\practice\practice - c\jaryoguzo\jaryoguzo\x64\debug\jaryoguzo.tlog\link-rc.write.1.tlog
c:\practice\practice - c\jaryoguzo\jaryoguzo\x64\debug\jaryoguzo.tlog\link.command.1.tlog
c:\practice\practice - c\jaryoguzo\jaryoguzo\x64\debug\jaryoguzo.tlog\link.read.1.tlog
c:\practice\practice - c\jaryoguzo\jaryoguzo\x64\debug\jaryoguzo.tlog\link.read.2.tlog
c:\practice\practice - c\jaryoguzo\jaryoguzo\x64\debug\jaryoguzo.tlog\link.write.1.tlog
